INFO 2025-04-24 18:39:36,507 autoreload Watching for file changes with StatReloader
INFO 2025-04-24 18:39:39,686 autoreload /Users/anaraarman/WebProject-3/backend_project/myproject/settings.py changed, reloading.
INFO 2025-04-24 18:39:39,869 autoreload Watching for file changes with StatReloader
INFO 2025-04-24 18:39:42,026 autoreload /Users/anaraarman/WebProject-3/backend_project/myproject/settings.py changed, reloading.
INFO 2025-04-24 18:39:42,220 autoreload Watching for file changes with StatReloader
INFO 2025-04-24 18:40:15,229 views Получен запрос на авторизацию: {'username': 'anara@kbtu.kz', 'password': '123456'}
ERROR 2025-04-24 18:40:15,238 views Ошибка авторизации: get() returned more than one User -- it returned 2!
Traceback (most recent call last):
  File "/Users/anaraarman/WebProject-3/backend_project/users/views.py", line 69, in post
    response = super().post(request, *args, **kwargs)
  File "/Users/anaraarman/Library/Python/3.9/lib/python/site-packages/rest_framework_simplejwt/views.py", line 44, in post
    serializer.is_valid(raise_exception=True)
  File "/Users/anaraarman/Library/Python/3.9/lib/python/site-packages/rest_framework/serializers.py", line 225, in is_valid
    self._validated_data = self.run_validation(self.initial_data)
  File "/Users/anaraarman/Library/Python/3.9/lib/python/site-packages/rest_framework/serializers.py", line 447, in run_validation
    value = self.validate(value)
  File "/Users/anaraarman/Library/Python/3.9/lib/python/site-packages/rest_framework_simplejwt/serializers.py", line 73, in validate
    data = super().validate(attrs)
  File "/Users/anaraarman/Library/Python/3.9/lib/python/site-packages/rest_framework_simplejwt/serializers.py", line 54, in validate
    self.user = authenticate(**authenticate_kwargs)
  File "/Users/anaraarman/Library/Python/3.9/lib/python/site-packages/django/views/decorators/debug.py", line 42, in sensitive_variables_wrapper
    return func(*func_args, **func_kwargs)
  File "/Users/anaraarman/Library/Python/3.9/lib/python/site-packages/django/contrib/auth/__init__.py", line 77, in authenticate
    user = backend.authenticate(request, **credentials)
  File "/Users/anaraarman/WebProject-3/backend_project/users/backends.py", line 9, in authenticate
    user = User.objects.get(
  File "/Users/anaraarman/Library/Python/3.9/lib/python/site-packages/django/db/models/manager.py", line 87, in manager_method
    return getattr(self.get_queryset(), name)(*args, **kwargs)
  File "/Users/anaraarman/Library/Python/3.9/lib/python/site-packages/django/db/models/query.py", line 640, in get
    raise self.model.MultipleObjectsReturned(
users.models.User.MultipleObjectsReturned: get() returned more than one User -- it returned 2!
ERROR 2025-04-24 18:40:15,249 log Internal Server Error: /api/auth/token/
ERROR 2025-04-24 18:40:15,250 basehttp "POST /api/auth/token/ HTTP/1.1" 500 64
INFO 2025-04-24 18:44:26,322 autoreload /Users/anaraarman/WebProject-3/backend_project/users/backends.py changed, reloading.
INFO 2025-04-24 18:44:26,703 autoreload Watching for file changes with StatReloader
INFO 2025-04-24 18:46:24,710 autoreload Watching for file changes with StatReloader
INFO 2025-04-24 18:46:35,382 basehttp "GET /admin/users/user/3/change/ HTTP/1.1" 200 22577
INFO 2025-04-24 18:46:35,496 basehttp "GET /admin/jsi18n/ HTTP/1.1" 200 3343
INFO 2025-04-24 18:46:39,467 basehttp "GET /admin/users/user/ HTTP/1.1" 200 12671
INFO 2025-04-24 18:46:39,496 basehttp "GET /admin/jsi18n/ HTTP/1.1" 200 3343
INFO 2025-04-24 18:46:51,139 basehttp "GET /admin/users/user/10/change/ HTTP/1.1" 200 22649
INFO 2025-04-24 18:46:51,178 basehttp "GET /admin/jsi18n/ HTTP/1.1" 200 3343
INFO 2025-04-24 18:46:55,699 basehttp "GET /admin/users/user/ HTTP/1.1" 200 12671
INFO 2025-04-24 18:46:55,707 basehttp "GET /admin/jsi18n/ HTTP/1.1" 200 3343
INFO 2025-04-24 18:47:25,610 autoreload /Users/anaraarman/WebProject-3/backend_project/users/models.py changed, reloading.
INFO 2025-04-24 18:47:25,932 autoreload Watching for file changes with StatReloader
INFO 2025-04-24 18:47:28,165 autoreload /Users/anaraarman/WebProject-3/backend_project/users/models.py changed, reloading.
INFO 2025-04-24 18:47:28,331 autoreload Watching for file changes with StatReloader
INFO 2025-04-24 18:47:39,718 autoreload /Users/anaraarman/WebProject-3/backend_project/users/models.py changed, reloading.
INFO 2025-04-24 18:47:39,999 autoreload Watching for file changes with StatReloader
INFO 2025-04-24 18:47:42,185 autoreload /Users/anaraarman/WebProject-3/backend_project/users/models.py changed, reloading.
INFO 2025-04-24 18:47:42,374 autoreload Watching for file changes with StatReloader
INFO 2025-04-24 18:47:44,510 autoreload /Users/anaraarman/WebProject-3/backend_project/users/models.py changed, reloading.
INFO 2025-04-24 18:47:44,698 autoreload Watching for file changes with StatReloader
INFO 2025-04-24 18:48:03,889 autoreload Watching for file changes with StatReloader
INFO 2025-04-24 18:48:21,114 basehttp "OPTIONS /api/auth/token/ HTTP/1.1" 200 0
INFO 2025-04-24 18:48:21,121 views Получен запрос на авторизацию: {'username': 'barsik@gmail.com', 'password': '123456'}
INFO 2025-04-24 18:48:21,304 views Успешный ответ: {'refresh': 'eyJhbGciOiJIUzI1NiIsInR5cCI6IkpXVCJ9.eyJ0b2tlbl90eXBlIjoicmVmcmVzaCIsImV4cCI6MTc0NTYwNjkwMSwiaWF0IjoxNzQ1NTIwNTAxLCJqdGkiOiIwM2NjNjM4ZDM0YjQ0Njg5YmJmZjg3NDY0ZWRhYTgzOSIsInVzZXJfaWQiOjEyfQ.5ILnyUe57nWNxjysVKh_HZye-Nw8W4l6AvClnqEhrx4', 'access': 'eyJhbGciOiJIUzI1NiIsInR5cCI6IkpXVCJ9.eyJ0b2tlbl90eXBlIjoiYWNjZXNzIiwiZXhwIjoxNzQ1NTI0MTAxLCJpYXQiOjE3NDU1MjA1MDEsImp0aSI6IjZmN2RjYjkxNTVjZDRkNDViNjZhZjY1OGFkNDlmYWUzIiwidXNlcl9pZCI6MTJ9.WJiaKes82rwY2gWNJIyfbOn8bZwPTPOvWvXTenPDyyo'}
INFO 2025-04-24 18:48:21,305 basehttp "POST /api/auth/token/ HTTP/1.1" 200 486
WARNING 2025-04-24 18:48:21,321 log Unauthorized: /api/auth/status/
WARNING 2025-04-24 18:48:21,322 basehttp "GET /api/auth/status/ HTTP/1.1" 401 58
INFO 2025-04-24 18:48:21,425 basehttp "OPTIONS /api/events/ HTTP/1.1" 200 0
INFO 2025-04-24 18:48:21,429 basehttp "GET /api/events/ HTTP/1.1" 200 2
INFO 2025-04-24 18:48:41,943 views Получен запрос на авторизацию: {'username': 'barsik@gmail.com', 'password': '123456'}
INFO 2025-04-24 18:48:42,117 views Успешный ответ: {'refresh': 'eyJhbGciOiJIUzI1NiIsInR5cCI6IkpXVCJ9.eyJ0b2tlbl90eXBlIjoicmVmcmVzaCIsImV4cCI6MTc0NTYwNjkyMiwiaWF0IjoxNzQ1NTIwNTIyLCJqdGkiOiJlMTgzZWFjYzNhNDM0NzYyODBkMGQyMDY5NDQ5ZjA4YyIsInVzZXJfaWQiOjEyfQ.JK7tS0nBXEe2sr8NhJJlVM1C0lW9e2xr2dlgQGjXO-g', 'access': 'eyJhbGciOiJIUzI1NiIsInR5cCI6IkpXVCJ9.eyJ0b2tlbl90eXBlIjoiYWNjZXNzIiwiZXhwIjoxNzQ1NTI0MTIyLCJpYXQiOjE3NDU1MjA1MjIsImp0aSI6ImEyZTk4MjlkNzgwMjQ4YmJhMDIwOWNmMGViOWMwNGUyIiwidXNlcl9pZCI6MTJ9.7j01hOkTcUa29LrcF7qPLyK7FJKOX6JhID8G8NWQUmg'}
INFO 2025-04-24 18:48:42,117 basehttp "POST /api/auth/token/ HTTP/1.1" 200 486
WARNING 2025-04-24 18:48:42,135 log Unauthorized: /api/auth/status/
WARNING 2025-04-24 18:48:42,135 basehttp "GET /api/auth/status/ HTTP/1.1" 401 58
INFO 2025-04-24 18:48:44,874 views Получен запрос на авторизацию: {'username': 'barsik@gmail.com', 'password': '123456'}
INFO 2025-04-24 18:48:45,059 views Успешный ответ: {'refresh': 'eyJhbGciOiJIUzI1NiIsInR5cCI6IkpXVCJ9.eyJ0b2tlbl90eXBlIjoicmVmcmVzaCIsImV4cCI6MTc0NTYwNjkyNSwiaWF0IjoxNzQ1NTIwNTI1LCJqdGkiOiI1ZDcxMjgwOWI1Y2M0ZjUxODhjNGViYzIwMjNmZGFkMyIsInVzZXJfaWQiOjEyfQ.3IJlu2bzkAGMBdxbZ_Ggnj50IuzPcXe2F7NkY9azdEo', 'access': 'eyJhbGciOiJIUzI1NiIsInR5cCI6IkpXVCJ9.eyJ0b2tlbl90eXBlIjoiYWNjZXNzIiwiZXhwIjoxNzQ1NTI0MTI1LCJpYXQiOjE3NDU1MjA1MjUsImp0aSI6IjVmZGU5MzcxNWU4NTQxYzFiMTBkMmRmYmUzZTU4ZDM4IiwidXNlcl9pZCI6MTJ9.8RVh3JSbUwgOhRyvl5pMLvfJQmZ9xExNr_yA3PndADs'}
INFO 2025-04-24 18:48:45,060 basehttp "POST /api/auth/token/ HTTP/1.1" 200 486
WARNING 2025-04-24 18:48:45,078 log Unauthorized: /api/auth/status/
WARNING 2025-04-24 18:48:45,078 basehttp "GET /api/auth/status/ HTTP/1.1" 401 58
INFO 2025-04-24 18:48:45,838 views Получен запрос на авторизацию: {'username': 'barsik@gmail.com', 'password': '123456'}
INFO 2025-04-24 18:48:46,017 views Успешный ответ: {'refresh': 'eyJhbGciOiJIUzI1NiIsInR5cCI6IkpXVCJ9.eyJ0b2tlbl90eXBlIjoicmVmcmVzaCIsImV4cCI6MTc0NTYwNjkyNiwiaWF0IjoxNzQ1NTIwNTI2LCJqdGkiOiIzN2FmN2I0MTM1ZGI0ODA4Yjk4YTBhNmJiOGNkMGQwMiIsInVzZXJfaWQiOjEyfQ.-n616uctEJBNEmNSdd_VM9Aya2Bv-BV3ndpiMJlW1yk', 'access': 'eyJhbGciOiJIUzI1NiIsInR5cCI6IkpXVCJ9.eyJ0b2tlbl90eXBlIjoiYWNjZXNzIiwiZXhwIjoxNzQ1NTI0MTI2LCJpYXQiOjE3NDU1MjA1MjYsImp0aSI6ImI5NWRkMmFmZjVkNjQyNGI4YjA0OTVhNjg5NWY2MDg1IiwidXNlcl9pZCI6MTJ9.q2sxdFY0-pb7U4hse6TK3_osyMDvFCepIPS_koe17TU'}
INFO 2025-04-24 18:48:46,017 basehttp "POST /api/auth/token/ HTTP/1.1" 200 486
WARNING 2025-04-24 18:48:46,036 log Unauthorized: /api/auth/status/
WARNING 2025-04-24 18:48:46,036 basehttp "GET /api/auth/status/ HTTP/1.1" 401 58
INFO 2025-04-24 18:49:57,258 basehttp "GET /api/events/ HTTP/1.1" 200 2
INFO 2025-04-24 18:49:57,691 basehttp "GET /api/events/ HTTP/1.1" 200 2
INFO 2025-04-24 18:49:59,158 basehttp "GET /api/events/ HTTP/1.1" 200 2
INFO 2025-04-24 18:50:01,269 basehttp "GET /api/events/ HTTP/1.1" 200 2
INFO 2025-04-24 18:50:01,696 basehttp "GET /api/events/ HTTP/1.1" 200 2
INFO 2025-04-24 18:50:05,578 basehttp "GET /api/events/ HTTP/1.1" 200 2
INFO 2025-04-24 18:50:06,400 basehttp "GET /api/events/ HTTP/1.1" 200 2
INFO 2025-04-24 18:50:07,770 basehttp "GET /api/events/ HTTP/1.1" 200 2
INFO 2025-04-24 18:50:09,447 basehttp "GET /api/events/ HTTP/1.1" 200 2
INFO 2025-04-24 18:50:10,956 basehttp "GET /api/events/ HTTP/1.1" 200 2
INFO 2025-04-24 18:50:13,377 basehttp "GET /api/events/ HTTP/1.1" 200 2
INFO 2025-04-24 18:50:15,215 basehttp "GET /api/events/ HTTP/1.1" 200 2
INFO 2025-04-24 18:51:48,132 basehttp "GET /api/events/ HTTP/1.1" 200 2
INFO 2025-04-24 18:51:55,235 basehttp "GET /api/events/ HTTP/1.1" 200 2
INFO 2025-04-24 18:52:49,136 basehttp "GET /api/events/ HTTP/1.1" 200 2
INFO 2025-04-24 18:54:25,918 autoreload /Users/anaraarman/WebProject-3/backend_project/users/views.py changed, reloading.
INFO 2025-04-24 18:54:26,395 autoreload Watching for file changes with StatReloader
INFO 2025-04-24 18:54:45,142 autoreload /Users/anaraarman/WebProject-3/backend_project/myproject/settings.py changed, reloading.
INFO 2025-04-24 18:54:45,431 autoreload Watching for file changes with StatReloader
INFO 2025-04-24 18:54:46,597 autoreload /Users/anaraarman/WebProject-3/backend_project/myproject/settings.py changed, reloading.
INFO 2025-04-24 18:54:46,764 autoreload Watching for file changes with StatReloader
INFO 2025-04-24 18:54:50,968 autoreload /Users/anaraarman/WebProject-3/backend_project/myproject/settings.py changed, reloading.
INFO 2025-04-24 18:54:51,181 autoreload Watching for file changes with StatReloader
INFO 2025-04-24 18:57:14,059 basehttp "GET /api/events/ HTTP/1.1" 200 2
INFO 2025-04-24 18:57:31,829 views Получен запрос на авторизацию: {'username': 'barsik@gmail.com', 'password': '123456'}
INFO 2025-04-24 18:57:32,006 views Успешный ответ: {'refresh': 'eyJhbGciOiJIUzI1NiIsInR5cCI6IkpXVCJ9.eyJ0b2tlbl90eXBlIjoicmVmcmVzaCIsImV4cCI6MTc0NTYwNzQ1MiwiaWF0IjoxNzQ1NTIxMDUyLCJqdGkiOiIzN2E1MDU1ZDEzNzY0Mjc1YmRiZmMzYWY0MzZkN2JlZSIsInVzZXJfaWQiOjEyfQ.3JKSkmOVQtqfnfvWmydDiL6ZlubAZY5EshAEOlBBVfE', 'access': 'eyJhbGciOiJIUzI1NiIsInR5cCI6IkpXVCJ9.eyJ0b2tlbl90eXBlIjoiYWNjZXNzIiwiZXhwIjoxNzQ1NTI0NjUyLCJpYXQiOjE3NDU1MjEwNTIsImp0aSI6ImNjMTQwNTFkNDNiMzRiYjc4YzFmYjA0NzI1MzFhMjJlIiwidXNlcl9pZCI6MTJ9.QmFMorRwV45_pgtYsuRnb0juPkFBZL2dfUjoCuX0J6I'}
INFO 2025-04-24 18:57:32,006 basehttp "POST /api/auth/token/ HTTP/1.1" 200 486
INFO 2025-04-24 18:57:32,542 basehttp "OPTIONS /api/auth/status/ HTTP/1.1" 200 0
INFO 2025-04-24 18:57:32,550 basehttp "GET /api/auth/status/ HTTP/1.1" 200 75
INFO 2025-04-24 18:57:33,829 views Получен запрос на авторизацию: {'username': 'barsik@gmail.com', 'password': '123456'}
INFO 2025-04-24 18:57:34,008 views Успешный ответ: {'refresh': 'eyJhbGciOiJIUzI1NiIsInR5cCI6IkpXVCJ9.eyJ0b2tlbl90eXBlIjoicmVmcmVzaCIsImV4cCI6MTc0NTYwNzQ1NCwiaWF0IjoxNzQ1NTIxMDU0LCJqdGkiOiI5ZWVlMmMzZTQ2YWI0ZWQ5YWUwM2E4ZGE4OGY1OGVkYiIsInVzZXJfaWQiOjEyfQ.WjVKaCR1J4aVsbyGDfzBOQf3WCmrS_OOaHqwCasZF2k', 'access': 'eyJhbGciOiJIUzI1NiIsInR5cCI6IkpXVCJ9.eyJ0b2tlbl90eXBlIjoiYWNjZXNzIiwiZXhwIjoxNzQ1NTI0NjU0LCJpYXQiOjE3NDU1MjEwNTQsImp0aSI6IjgyNzE5MzdiYzgwNjQ3NWRhMDY0MTFhMDdmOTYwMGNlIiwidXNlcl9pZCI6MTJ9.ngN_VztWMWxaIXLHrRxuY-ME4IJOOhnt9mn-a4gMXec'}
INFO 2025-04-24 18:57:34,008 basehttp "POST /api/auth/token/ HTTP/1.1" 200 486
INFO 2025-04-24 18:57:34,537 basehttp "GET /api/auth/status/ HTTP/1.1" 200 75
INFO 2025-04-24 18:57:34,839 views Получен запрос на авторизацию: {'username': 'barsik@gmail.com', 'password': '123456'}
INFO 2025-04-24 18:57:35,019 views Успешный ответ: {'refresh': 'eyJhbGciOiJIUzI1NiIsInR5cCI6IkpXVCJ9.eyJ0b2tlbl90eXBlIjoicmVmcmVzaCIsImV4cCI6MTc0NTYwNzQ1NSwiaWF0IjoxNzQ1NTIxMDU1LCJqdGkiOiJiZjBmMDY3M2FlMWU0YjY4YmY0M2E0NWI4OWVkM2MxZCIsInVzZXJfaWQiOjEyfQ.SGWDGXxwfc14vo4s3txUGe5sCWjnVLLp2tYMtC3Z5_0', 'access': 'eyJhbGciOiJIUzI1NiIsInR5cCI6IkpXVCJ9.eyJ0b2tlbl90eXBlIjoiYWNjZXNzIiwiZXhwIjoxNzQ1NTI0NjU1LCJpYXQiOjE3NDU1MjEwNTUsImp0aSI6IjliZDFjMmI2N2ExNDQ3NzBiMGE2NzRkZGNkMWFlMDZjIiwidXNlcl9pZCI6MTJ9.yx1-lYMB41yCRZSThnZxZh7CcjzDmfay-B2VuFrVgMU'}
INFO 2025-04-24 18:57:35,019 basehttp "POST /api/auth/token/ HTTP/1.1" 200 486
INFO 2025-04-24 18:57:35,547 basehttp "GET /api/auth/status/ HTTP/1.1" 200 75
INFO 2025-04-24 18:57:35,908 views Получен запрос на авторизацию: {'username': 'barsik@gmail.com', 'password': '123456'}
INFO 2025-04-24 18:57:36,084 views Успешный ответ: {'refresh': 'eyJhbGciOiJIUzI1NiIsInR5cCI6IkpXVCJ9.eyJ0b2tlbl90eXBlIjoicmVmcmVzaCIsImV4cCI6MTc0NTYwNzQ1NiwiaWF0IjoxNzQ1NTIxMDU2LCJqdGkiOiI1MzAzODNkZmViZWI0MWFhOWJlMWQ0NDI0OGVlNTAwMSIsInVzZXJfaWQiOjEyfQ.7dMxTnptH5fjohHyOVBzbYn1-nO-KqJpL45FE7VTVk8', 'access': 'eyJhbGciOiJIUzI1NiIsInR5cCI6IkpXVCJ9.eyJ0b2tlbl90eXBlIjoiYWNjZXNzIiwiZXhwIjoxNzQ1NTI0NjU2LCJpYXQiOjE3NDU1MjEwNTYsImp0aSI6IjJjZmRkMzllNzljYzQwN2NhNWZkYWY4M2E0NzZlNjg5IiwidXNlcl9pZCI6MTJ9.JKFr_CdbeLvldEAWbf95DDk3OF00tZHfPuEDDbF6Aeg'}
INFO 2025-04-24 18:57:36,084 basehttp "POST /api/auth/token/ HTTP/1.1" 200 486
INFO 2025-04-24 18:57:36,473 views Получен запрос на авторизацию: {'username': 'barsik@gmail.com', 'password': '123456'}
INFO 2025-04-24 18:57:36,604 basehttp "GET /api/auth/status/ HTTP/1.1" 200 75
INFO 2025-04-24 18:57:36,653 views Успешный ответ: {'refresh': 'eyJhbGciOiJIUzI1NiIsInR5cCI6IkpXVCJ9.eyJ0b2tlbl90eXBlIjoicmVmcmVzaCIsImV4cCI6MTc0NTYwNzQ1NiwiaWF0IjoxNzQ1NTIxMDU2LCJqdGkiOiI4Mzg3MjZkNDQ0ZmY0NzVkYjkxMWEwNGJlMWEwM2M1NSIsInVzZXJfaWQiOjEyfQ.TOfynDlrqWtaoPQLz9Anyke5Wzl3pub1T1DTgZaLBDw', 'access': 'eyJhbGciOiJIUzI1NiIsInR5cCI6IkpXVCJ9.eyJ0b2tlbl90eXBlIjoiYWNjZXNzIiwiZXhwIjoxNzQ1NTI0NjU2LCJpYXQiOjE3NDU1MjEwNTYsImp0aSI6IjM5ZmU3MjMyNTJmYTQ5Y2ZiNmRmOTU2ZjAyNmMxY2UzIiwidXNlcl9pZCI6MTJ9.lOH6jUwo7pIyoTvJQegcbQUx332qMyAVlEEBM1b6skw'}
INFO 2025-04-24 18:57:36,653 basehttp "POST /api/auth/token/ HTTP/1.1" 200 486
INFO 2025-04-24 18:57:37,180 basehttp "GET /api/auth/status/ HTTP/1.1" 200 75
INFO 2025-04-24 18:58:20,628 views Получен запрос на авторизацию: {'username': 'barsik@gmail.com', 'password': '123456'}
INFO 2025-04-24 18:58:20,810 views Успешный ответ: {'refresh': 'eyJhbGciOiJIUzI1NiIsInR5cCI6IkpXVCJ9.eyJ0b2tlbl90eXBlIjoicmVmcmVzaCIsImV4cCI6MTc0NTYwNzUwMCwiaWF0IjoxNzQ1NTIxMTAwLCJqdGkiOiI3MWZiNWJkZDJhNTc0ZWEwOTYyNzRjMDFhZmE5ZWU2YSIsInVzZXJfaWQiOjEyfQ.A4oY0eRmBIS0AdtWDiz1Kvxkmd2_NSYSnITeKuKo-hk', 'access': 'eyJhbGciOiJIUzI1NiIsInR5cCI6IkpXVCJ9.eyJ0b2tlbl90eXBlIjoiYWNjZXNzIiwiZXhwIjoxNzQ1NTI0NzAwLCJpYXQiOjE3NDU1MjExMDAsImp0aSI6ImUxODM2YjY1NWQzZTQyNTM4OWE4NDE2ZjU5ODYyYzY4IiwidXNlcl9pZCI6MTJ9.aswEYkg_nq11OqjycLVGvs_6Oi_LxMr9192910xtdp8'}
INFO 2025-04-24 18:58:20,810 basehttp "POST /api/auth/token/ HTTP/1.1" 200 486
INFO 2025-04-24 18:58:21,329 basehttp "GET /api/auth/status/ HTTP/1.1" 200 75
INFO 2025-04-24 18:58:38,575 basehttp "OPTIONS /api/auth/token/ HTTP/1.1" 200 0
INFO 2025-04-24 18:58:38,578 views Получен запрос на авторизацию: {'username': 'barsik@gmail.com', 'password': '123456'}
INFO 2025-04-24 18:58:38,751 views Успешный ответ: {'refresh': 'eyJhbGciOiJIUzI1NiIsInR5cCI6IkpXVCJ9.eyJ0b2tlbl90eXBlIjoicmVmcmVzaCIsImV4cCI6MTc0NTYwNzUxOCwiaWF0IjoxNzQ1NTIxMTE4LCJqdGkiOiJjZmYyZTA3ODcwNTQ0MmZmYTZkZDcyNzJlYTE3ODFmMCIsInVzZXJfaWQiOjEyfQ.csxCKXRFHe91oFToyn9v9fkRktIxMZvmJdCLF5oI3qw', 'access': 'eyJhbGciOiJIUzI1NiIsInR5cCI6IkpXVCJ9.eyJ0b2tlbl90eXBlIjoiYWNjZXNzIiwiZXhwIjoxNzQ1NTI0NzE4LCJpYXQiOjE3NDU1MjExMTgsImp0aSI6ImE1ODYwYzAyYzYxMDQ5ZjFhNjc2NTg4ZTBlMTAxYjZlIiwidXNlcl9pZCI6MTJ9.Om4gqRmUPFVZMCTCkpaxUZzkmYUpFr28tu9qv_aaHuw'}
INFO 2025-04-24 18:58:38,751 basehttp "POST /api/auth/token/ HTTP/1.1" 200 486
INFO 2025-04-24 18:58:39,280 basehttp "GET /api/auth/status/ HTTP/1.1" 200 75
INFO 2025-04-24 18:59:04,776 views Получен запрос на авторизацию: {'username': 'anara@kbtu.kz', 'password': '123456'}
INFO 2025-04-24 18:59:04,949 views Успешный ответ: {'refresh': 'eyJhbGciOiJIUzI1NiIsInR5cCI6IkpXVCJ9.eyJ0b2tlbl90eXBlIjoicmVmcmVzaCIsImV4cCI6MTc0NTYwNzU0NCwiaWF0IjoxNzQ1NTIxMTQ0LCJqdGkiOiI3ZDhjYmU3ZWY4MzI0ODM1OWI3NDljYTczZGEyYTYzYiIsInVzZXJfaWQiOjEwfQ.CrN3d7ghYw0djVsaZPBzllx2Ok-FtfY_XDB-Fdp759A', 'access': 'eyJhbGciOiJIUzI1NiIsInR5cCI6IkpXVCJ9.eyJ0b2tlbl90eXBlIjoiYWNjZXNzIiwiZXhwIjoxNzQ1NTI0NzQ0LCJpYXQiOjE3NDU1MjExNDQsImp0aSI6IjQ4YmMwZWU1MTYzZDQwY2U5ZDZkMDRlM2NiMzBkMmYzIiwidXNlcl9pZCI6MTB9.Qey93Ts9qPe0kkNpwUIVDCmAH-L42fKFqXPAsJnL8L0'}
INFO 2025-04-24 18:59:04,949 basehttp "POST /api/auth/token/ HTTP/1.1" 200 486
INFO 2025-04-24 18:59:05,481 basehttp "GET /api/auth/status/ HTTP/1.1" 200 76
INFO 2025-04-24 18:59:06,359 views Получен запрос на авторизацию: {'username': 'anara@kbtu.kz', 'password': '123456'}
INFO 2025-04-24 18:59:06,534 views Успешный ответ: {'refresh': 'eyJhbGciOiJIUzI1NiIsInR5cCI6IkpXVCJ9.eyJ0b2tlbl90eXBlIjoicmVmcmVzaCIsImV4cCI6MTc0NTYwNzU0NiwiaWF0IjoxNzQ1NTIxMTQ2LCJqdGkiOiJiNzdlMTZkZjlhNDI0NzM2YWZkN2YwNzQyOTA4M2FiMSIsInVzZXJfaWQiOjEwfQ.k5yuiYBQb7lLuaFVc-wjsA6mr98dOylbwlcknt8jmE0', 'access': 'eyJhbGciOiJIUzI1NiIsInR5cCI6IkpXVCJ9.eyJ0b2tlbl90eXBlIjoiYWNjZXNzIiwiZXhwIjoxNzQ1NTI0NzQ2LCJpYXQiOjE3NDU1MjExNDYsImp0aSI6IjEzNDFmODFlYjJhMjRmNWFhYTQ0MWFjY2EzNmZmNDA0IiwidXNlcl9pZCI6MTB9.tGiHZLKNHx3xYm6lN6og7Ez-rTT_UbDH7gjUgJJ2AJs'}
INFO 2025-04-24 18:59:06,535 basehttp "POST /api/auth/token/ HTTP/1.1" 200 486
INFO 2025-04-24 18:59:07,064 basehttp "GET /api/auth/status/ HTTP/1.1" 200 76
INFO 2025-04-24 18:59:52,785 basehttp "OPTIONS /api/events/ HTTP/1.1" 200 0
INFO 2025-04-24 18:59:52,788 basehttp "GET /api/events/ HTTP/1.1" 200 2
INFO 2025-04-24 18:59:54,536 basehttp "GET /api/events/ HTTP/1.1" 200 2
INFO 2025-04-24 19:01:34,811 basehttp "GET /api/events/ HTTP/1.1" 200 2
INFO 2025-04-24 19:01:44,449 basehttp "GET /api/events/ HTTP/1.1" 200 2
INFO 2025-04-24 19:01:58,579 basehttp "GET /api/events/ HTTP/1.1" 200 2
INFO 2025-04-24 19:02:27,853 basehttp "GET /api/events/ HTTP/1.1" 200 2
INFO 2025-04-24 19:02:32,918 basehttp "GET /api/events/ HTTP/1.1" 200 2
INFO 2025-04-24 19:04:15,678 basehttp "GET /api/events/ HTTP/1.1" 200 2
INFO 2025-04-24 19:04:21,312 basehttp "GET /api/events/ HTTP/1.1" 200 2
INFO 2025-04-24 19:04:36,990 views Получен запрос на авторизацию: {'username': 'barsik@gmail.com', 'password': '123456'}
INFO 2025-04-24 19:04:37,164 views Успешный ответ: {'refresh': 'eyJhbGciOiJIUzI1NiIsInR5cCI6IkpXVCJ9.eyJ0b2tlbl90eXBlIjoicmVmcmVzaCIsImV4cCI6MTc0NTYwNzg3NywiaWF0IjoxNzQ1NTIxNDc3LCJqdGkiOiJjZTRiMDUyODk0ZWE0NDdjOWNhODUyZWM3OTJiMjVhZiIsInVzZXJfaWQiOjEyfQ.CCkPKbZgRQYm4HAMOJTYANlSvvnVpBDVeo2vd7GKOlY', 'access': 'eyJhbGciOiJIUzI1NiIsInR5cCI6IkpXVCJ9.eyJ0b2tlbl90eXBlIjoiYWNjZXNzIiwiZXhwIjoxNzQ1NTI1MDc3LCJpYXQiOjE3NDU1MjE0NzcsImp0aSI6ImQ4MmY3ZTk4Y2Q0NDQzMjA4NGUyZDI3ZmM2YTNiN2ZjIiwidXNlcl9pZCI6MTJ9.1Pi5jmhGzRMbS8j-gcj8n5oqE0uZmB4y5Jl_rkUH_Wc'}
INFO 2025-04-24 19:04:37,164 basehttp "POST /api/auth/token/ HTTP/1.1" 200 486
INFO 2025-04-24 19:04:37,188 basehttp "GET /api/auth/status/ HTTP/1.1" 200 75
INFO 2025-04-24 19:04:39,240 views Получен запрос на авторизацию: {'username': 'barsik@gmail.com', 'password': '123456'}
INFO 2025-04-24 19:04:39,419 views Успешный ответ: {'refresh': 'eyJhbGciOiJIUzI1NiIsInR5cCI6IkpXVCJ9.eyJ0b2tlbl90eXBlIjoicmVmcmVzaCIsImV4cCI6MTc0NTYwNzg3OSwiaWF0IjoxNzQ1NTIxNDc5LCJqdGkiOiJiOGNjOGEwOThmNDU0MGJmYjk5ZGRkYWMzOTU1MTkzMCIsInVzZXJfaWQiOjEyfQ.u99_sA1CPIw8_9AcLW0IInRPyg7Pfsizt1zVASxRcZU', 'access': 'eyJhbGciOiJIUzI1NiIsInR5cCI6IkpXVCJ9.eyJ0b2tlbl90eXBlIjoiYWNjZXNzIiwiZXhwIjoxNzQ1NTI1MDc5LCJpYXQiOjE3NDU1MjE0NzksImp0aSI6ImUxYTgyNmViNDcyZDQ5NzU5ZDY5OTcxNjQxMTgzOGY3IiwidXNlcl9pZCI6MTJ9.UBv-Wjrg696xQtrtVq-3B8dJ28X4vnH10cJ1gano0z8'}
INFO 2025-04-24 19:04:39,420 basehttp "POST /api/auth/token/ HTTP/1.1" 200 486
INFO 2025-04-24 19:04:39,440 basehttp "GET /api/auth/status/ HTTP/1.1" 200 75
INFO 2025-04-24 19:04:46,992 views Получен запрос на авторизацию: {'username': 'barsik@gmail.com', 'password': '123456'}
INFO 2025-04-24 19:04:47,175 views Успешный ответ: {'refresh': 'eyJhbGciOiJIUzI1NiIsInR5cCI6IkpXVCJ9.eyJ0b2tlbl90eXBlIjoicmVmcmVzaCIsImV4cCI6MTc0NTYwNzg4NywiaWF0IjoxNzQ1NTIxNDg3LCJqdGkiOiI1MmFiZGRmMzI3N2E0ZjhhOWRlYjI2NGVmMGIxNDA4NSIsInVzZXJfaWQiOjEyfQ.2hk_axtXMO1Evg4KQ6dXj9T3RmWj0JCEDJU-jAS7jmU', 'access': 'eyJhbGciOiJIUzI1NiIsInR5cCI6IkpXVCJ9.eyJ0b2tlbl90eXBlIjoiYWNjZXNzIiwiZXhwIjoxNzQ1NTI1MDg3LCJpYXQiOjE3NDU1MjE0ODcsImp0aSI6ImIzNDcxYzgyNmEzZTRiYjU4NDFkZjY0OGU4MmU2MzY1IiwidXNlcl9pZCI6MTJ9.9-xgTRqBv6PqUQZZY17EFkosYiXcKG-3QT83rd8B4uM'}
INFO 2025-04-24 19:04:47,176 basehttp "POST /api/auth/token/ HTTP/1.1" 200 486
INFO 2025-04-24 19:04:47,198 basehttp "GET /api/auth/status/ HTTP/1.1" 200 75
INFO 2025-04-24 19:05:22,089 basehttp "OPTIONS /api/auth/register/ HTTP/1.1" 200 0
INFO 2025-04-24 19:05:22,278 basehttp "POST /api/auth/register/ HTTP/1.1" 201 42
INFO 2025-04-24 19:05:30,493 views Получен запрос на авторизацию: {'username': 'chop@pet.kz', 'password': '123456'}
INFO 2025-04-24 19:05:30,662 views Успешный ответ: {'refresh': 'eyJhbGciOiJIUzI1NiIsInR5cCI6IkpXVCJ9.eyJ0b2tlbl90eXBlIjoicmVmcmVzaCIsImV4cCI6MTc0NTYwNzkzMCwiaWF0IjoxNzQ1NTIxNTMwLCJqdGkiOiJjMDdjZjY2ZTAxM2Q0MzU0OTMxYzhiOGMxNzgzNTY2NSIsInVzZXJfaWQiOjEzfQ.HsTt2eZ9BPCN8_vCG-AIwds1Ko7pvCgbh_gbwcUInAQ', 'access': 'eyJhbGciOiJIUzI1NiIsInR5cCI6IkpXVCJ9.eyJ0b2tlbl90eXBlIjoiYWNjZXNzIiwiZXhwIjoxNzQ1NTI1MTMwLCJpYXQiOjE3NDU1MjE1MzAsImp0aSI6ImZlOTQ1ZDcwMTE0NDRjZTM5YTM5YjQxMWFhYjY4YzgwIiwidXNlcl9pZCI6MTN9.NWW8bWOZLvjXuWdsM65OHaVObtH7cQ8-LcwlvK-W34k'}
INFO 2025-04-24 19:05:30,663 basehttp "POST /api/auth/token/ HTTP/1.1" 200 486
INFO 2025-04-24 19:05:30,682 basehttp "GET /api/auth/status/ HTTP/1.1" 200 68
INFO 2025-04-24 19:05:30,714 basehttp "GET /api/events/ HTTP/1.1" 200 2
